-------------------------------------------------------------------------------
Test set: com.docencia.hito2.CrudBuscarPorEmailOptionalIsPresentTrueTest
-------------------------------------------------------------------------------
Tests run: 1, Failures: 1, Errors: 0, Skipped: 0, Time elapsed: 0.014 s <<< FAILURE! -- in com.docencia.hito2.CrudBuscarPorEmailOptionalIsPresentTrueTest
com.docencia.hito2.CrudBuscarPorEmailOptionalIsPresentTrueTest.buscarPorEmail_debe_devolver_optional_present_true -- Time elapsed: 0.011 s <<< FAILURE!
java.lang.AssertionError: Se esperaba que buscarPorEmail devolviera Optional (con isPresent).
	at com.docencia.hito2.H3Support.optionalIsPresent(H3Support.java:15)
	at com.docencia.hito2.CrudBuscarPorEmailOptionalIsPresentTrueTest.buscarPorEmail_debe_devolver_optional_present_true(CrudBuscarPorEmailOptionalIsPresentTrueTest.java:22)
	at java.base/java.lang.reflect.Method.invoke(Method.java:569)
	at java.base/java.util.ArrayList.forEach(ArrayList.java:1511)
	at java.base/java.util.ArrayList.forEach(ArrayList.java:1511)

